> ng.cmd run app:build
[33m‚ùØ[39m Building...
[32m‚úî[39m Building...
Application bundle generation failed. [7.232 seconds] - 2025-12-26T05:21:51.394Z

‚ñ≤ [WARNING] NG8113: IonAccordion is not used within the template of SettingsPage [plugin angular-compiler]

    src/app/features/settings/pages/settings/settings.page.ts:156:4:
      156 ‚îÇ     IonAccordion,
          ‚ïµ     ~~~~~~~~~~~~


‚ñ≤ [WARNING] NG8113: IonAccordionGroup is not used within the template of SettingsPage [plugin angular-compiler]

    src/app/features/settings/pages/settings/settings.page.ts:157:4:
      157 ‚îÇ     IonAccordionGroup,
          ‚ïµ     ~~~~~~~~~~~~~~~~~


‚ñ≤ [WARNING] NG8113: IonButton is not used within the template of AnalogClockPickerComponent [plugin angular-compiler]

    src/app/shared/components/analog-clock-picker/analog-clock-picker.component.ts:11:41:
      11 ‚îÇ     imports: [CommonModule, FormsModule, IonButton]
         ‚ïµ                                          ~~~~~~~~~


‚ñ≤ [WARNING] The glob pattern import("./**/*.entry.js*") did not match any files [empty-glob]

    node_modules/@stencil/core/internal/client/index.js:169:2:
      169 ‚îÇ   `./${bundleId}.entry.js${BUILD5.hotModuleReplacement && hmrVers...
          ‚ïµ   ~~~~~~~~~~~~~~~~~~~~~~~~~~~~~~~~~~~~~~~~~~~~~~~~~~~~~~~~~~~~~~~


X [ERROR] NG8001: 'ion-badge' is not a known element:
1. If 'ion-badge' is an Angular component, then verify that it is included in the '@Component.imports' of this component.
2. If 'ion-badge' is a Web Component then add 'CUSTOM_ELEMENTS_SCHEMA' to the '@Component.schemas' of this component to suppress this message. [plugin angular-compiler]

    src/app/home/home.page.html:71:12:
      71 ‚îÇ             <ion-badge color="primary">{{ item.code }}</ion-badge>
         ‚ïµ             ~~~~~~~~~~~~~~~~~~~~~~~~~~~

  Error occurs in the template of component HomePage.

    src/app/home/home.page.ts:102:15:
      102 ‚îÇ   templateUrl: 'home.page.html',
          ‚ïµ                ~~~~~~~~~~~~~~~~


X [ERROR] NG8001: 'ion-item-sliding' is not a known element:
1. If 'ion-item-sliding' is an Angular component, then verify that it is included in the '@Component.imports' of this component.
2. If 'ion-item-sliding' is a Web Component then add 'CUSTOM_ELEMENTS_SCHEMA' to the '@Component.schemas' of this component to suppress this message. [plugin angular-compiler]

    src/app/home/home.page.html:102:6:
      102 ‚îÇ       <ion-item-sliding>
          ‚ïµ       ~~~~~~~~~~~~~~~~~~

  Error occurs in the template of component HomePage.

    src/app/home/home.page.ts:102:15:
      102 ‚îÇ   templateUrl: 'home.page.html',
          ‚ïµ                ~~~~~~~~~~~~~~~~


X [ERROR] NG8001: 'ion-item-options' is not a known element:
1. If 'ion-item-options' is an Angular component, then verify that it is included in the '@Component.imports' of this component.
2. If 'ion-item-options' is a Web Component then add 'CUSTOM_ELEMENTS_SCHEMA' to the '@Component.schemas' of this component to suppress this message. [plugin angular-compiler]

    src/app/home/home.page.html:146:8:
      146 ‚îÇ         <ion-item-options side="start">
          ‚ïµ         ~~~~~~~~~~~~~~~~~~~~~~~~~~~~~~~

  Error occurs in the template of component HomePage.

    src/app/home/home.page.ts:102:15:
      102 ‚îÇ   templateUrl: 'home.page.html',
          ‚ïµ                ~~~~~~~~~~~~~~~~


X [ERROR] NG8001: 'ion-item-option' is not a known element:
1. If 'ion-item-option' is an Angular component, then verify that it is included in the '@Component.imports' of this component.
2. If 'ion-item-option' is a Web Component then add 'CUSTOM_ELEMENTS_SCHEMA' to the '@Component.schemas' of this component to suppress this message. [plugin angular-compiler]

    src/app/home/home.page.html:147:10:
      147 ‚îÇ           <ion-item-option color="primary" (click)="editarRegistr...
          ‚ïµ           ~~~~~~~~~~~~~~~~~~~~~~~~~~~~~~~~~~~~~~~~~~~~~~~~~~~~~~~

  Error occurs in the template of component HomePage.

    src/app/home/home.page.ts:102:15:
      102 ‚îÇ   templateUrl: 'home.page.html',
          ‚ïµ                ~~~~~~~~~~~~~~~~


X [ERROR] NG8001: 'ion-item-options' is not a known element:
1. If 'ion-item-options' is an Angular component, then verify that it is included in the '@Component.imports' of this component.
2. If 'ion-item-options' is a Web Component then add 'CUSTOM_ELEMENTS_SCHEMA' to the '@Component.schemas' of this component to suppress this message. [plugin angular-compiler]

    src/app/home/home.page.html:152:8:
      152 ‚îÇ         <ion-item-options side="end">
          ‚ïµ         ~~~~~~~~~~~~~~~~~~~~~~~~~~~~~

  Error occurs in the template of component HomePage.

    src/app/home/home.page.ts:102:15:
      102 ‚îÇ   templateUrl: 'home.page.html',
          ‚ïµ                ~~~~~~~~~~~~~~~~


X [ERROR] NG8001: 'ion-item-option' is not a known element:
1. If 'ion-item-option' is an Angular component, then verify that it is included in the '@Component.imports' of this component.
2. If 'ion-item-option' is a Web Component then add 'CUSTOM_ELEMENTS_SCHEMA' to the '@Component.schemas' of this component to suppress this message. [plugin angular-compiler]

    src/app/home/home.page.html:153:10:
      153 ‚îÇ           <ion-item-option color="danger" (click)="eliminarRegist...
          ‚ïµ           ~~~~~~~~~~~~~~~~~~~~~~~~~~~~~~~~~~~~~~~~~~~~~~~~~~~~~~~

  Error occurs in the template of component HomePage.

    src/app/home/home.page.ts:102:15:
      102 ‚îÇ   templateUrl: 'home.page.html',
          ‚ïµ                ~~~~~~~~~~~~~~~~


X [ERROR] NG5002: Unsupported expression in a two-way binding [plugin angular-compiler]

    src/app/home/home.page.html:263:24:
      263 ‚îÇ ...    <ion-toggle [(ngModel)]="includeEndDate()" (ionChange)="va...
          ‚ïµ                    ~~~~~~~~~~~~~~~~~~~~~~~~~~~~~~

  Error occurs in the template of component HomePage.

    src/app/home/home.page.ts:102:15:
      102 ‚îÇ   templateUrl: 'home.page.html',
          ‚ïµ                ~~~~~~~~~~~~~~~~


[ERROR] An error occurred while running subprocess ng.
        
        ng.cmd run app:build exited with exit code 1.
        
        Re-running this command with the --verbose flag may provide more information.
