> ng.cmd run app:build
[33m‚ùØ[39m Building...
[32m‚úî[39m Building...
Application bundle generation failed. [6.066 seconds] - 2025-12-26T05:20:41.509Z

‚ñ≤ [WARNING] NG8113: IonAccordion is not used within the template of SettingsPage [plugin angular-compiler]

    src/app/features/settings/pages/settings/settings.page.ts:156:4:
      156 ‚îÇ     IonAccordion,
          ‚ïµ     ~~~~~~~~~~~~


‚ñ≤ [WARNING] NG8113: IonAccordionGroup is not used within the template of SettingsPage [plugin angular-compiler]

    src/app/features/settings/pages/settings/settings.page.ts:157:4:
      157 ‚îÇ     IonAccordionGroup,
          ‚ïµ     ~~~~~~~~~~~~~~~~~


‚ñ≤ [WARNING] NG8113: IonHeader is not used within the template of HomePage [plugin angular-compiler]

    src/app/home/home.page.ts:107:4:
      107 ‚îÇ     IonHeader,
          ‚ïµ     ~~~~~~~~~


‚ñ≤ [WARNING] NG8113: IonToolbar is not used within the template of HomePage [plugin angular-compiler]

    src/app/home/home.page.ts:108:4:
      108 ‚îÇ     IonToolbar,
          ‚ïµ     ~~~~~~~~~~


‚ñ≤ [WARNING] NG8113: IonTitle is not used within the template of HomePage [plugin angular-compiler]

    src/app/home/home.page.ts:109:4:
      109 ‚îÇ     IonTitle,
          ‚ïµ     ~~~~~~~~


‚ñ≤ [WARNING] NG8113: IonContent is not used within the template of HomePage [plugin angular-compiler]

    src/app/home/home.page.ts:110:4:
      110 ‚îÇ     IonContent,
          ‚ïµ     ~~~~~~~~~~


‚ñ≤ [WARNING] NG8113: IonButtons is not used within the template of HomePage [plugin angular-compiler]

    src/app/home/home.page.ts:111:4:
      111 ‚îÇ     IonButtons,
          ‚ïµ     ~~~~~~~~~~


‚ñ≤ [WARNING] NG8113: IonIcon is not used within the template of HomePage [plugin angular-compiler]

    src/app/home/home.page.ts:112:4:
      112 ‚îÇ     IonIcon,
          ‚ïµ     ~~~~~~~


‚ñ≤ [WARNING] NG8113: IonMenuButton is not used within the template of HomePage [plugin angular-compiler]

    src/app/home/home.page.ts:113:4:
      113 ‚îÇ     IonMenuButton,
          ‚ïµ     ~~~~~~~~~~~~~


‚ñ≤ [WARNING] NG8113: IonButton is not used within the template of HomePage [plugin angular-compiler]

    src/app/home/home.page.ts:114:4:
      114 ‚îÇ     IonButton,
          ‚ïµ     ~~~~~~~~~


‚ñ≤ [WARNING] NG8113: IonInput is not used within the template of HomePage [plugin angular-compiler]

    src/app/home/home.page.ts:115:4:
      115 ‚îÇ     IonInput,
          ‚ïµ     ~~~~~~~~


‚ñ≤ [WARNING] NG8113: IonItem is not used within the template of HomePage [plugin angular-compiler]

    src/app/home/home.page.ts:116:4:
      116 ‚îÇ     IonItem,
          ‚ïµ     ~~~~~~~


‚ñ≤ [WARNING] NG8113: IonList is not used within the template of HomePage [plugin angular-compiler]

    src/app/home/home.page.ts:117:4:
      117 ‚îÇ     IonList,
          ‚ïµ     ~~~~~~~


‚ñ≤ [WARNING] NG8113: IonLabel is not used within the template of HomePage [plugin angular-compiler]

    src/app/home/home.page.ts:118:4:
      118 ‚îÇ     IonLabel,
          ‚ïµ     ~~~~~~~~


‚ñ≤ [WARNING] NG8113: IonDatetime is not used within the template of HomePage [plugin angular-compiler]

    src/app/home/home.page.ts:119:4:
      119 ‚îÇ     IonDatetime,
          ‚ïµ     ~~~~~~~~~~~


‚ñ≤ [WARNING] NG8113: IonDatetimeButton is not used within the template of HomePage [plugin angular-compiler]

    src/app/home/home.page.ts:120:4:
      120 ‚îÇ     IonDatetimeButton,
          ‚ïµ     ~~~~~~~~~~~~~~~~~


‚ñ≤ [WARNING] NG8113: IonSegmentButton is not used within the template of HomePage [plugin angular-compiler]

    src/app/home/home.page.ts:121:4:
      121 ‚îÇ     IonSegmentButton,
          ‚ïµ     ~~~~~~~~~~~~~~~~


‚ñ≤ [WARNING] NG8113: IonModal is not used within the template of HomePage [plugin angular-compiler]

    src/app/home/home.page.ts:122:4:
      122 ‚îÇ     IonModal,
          ‚ïµ     ~~~~~~~~


‚ñ≤ [WARNING] NG8113: IonSegment is not used within the template of HomePage [plugin angular-compiler]

    src/app/home/home.page.ts:123:4:
      123 ‚îÇ     IonSegment,
          ‚ïµ     ~~~~~~~~~~


‚ñ≤ [WARNING] NG8113: IonFooter is not used within the template of HomePage [plugin angular-compiler]

    src/app/home/home.page.ts:124:4:
      124 ‚îÇ     IonFooter,
          ‚ïµ     ~~~~~~~~~


‚ñ≤ [WARNING] NG8113: AnalogClockPickerComponent is not used within the template of HomePage [plugin angular-compiler]

    src/app/home/home.page.ts:126:4:
      126 ‚îÇ     AnalogClockPickerComponent,
          ‚ïµ     ~~~~~~~~~~~~~~~~~~~~~~~~~~


‚ñ≤ [WARNING] NG8113: IonButton is not used within the template of AnalogClockPickerComponent [plugin angular-compiler]

    src/app/shared/components/analog-clock-picker/analog-clock-picker.component.ts:11:41:
      11 ‚îÇ     imports: [CommonModule, FormsModule, IonButton]
         ‚ïµ                                          ~~~~~~~~~


‚ñ≤ [WARNING] The glob pattern import("./**/*.entry.js*") did not match any files [empty-glob]

    node_modules/@stencil/core/internal/client/index.js:169:2:
      169 ‚îÇ   `./${bundleId}.entry.js${BUILD5.hotModuleReplacement && hmrVers...
          ‚ïµ   ~~~~~~~~~~~~~~~~~~~~~~~~~~~~~~~~~~~~~~~~~~~~~~~~~~~~~~~~~~~~~~~


X [ERROR] NG5002: Unexpected closing block. The block may have been closed earlier. If you meant to write the } character, you should use the "&#125;" HTML entity instead. [plugin angular-compiler]

    src/app/home/home.page.html:280:10:
      280 ‚îÇ           }
          ‚ïµ           ^

  Error occurs in the template of component HomePage.

    src/app/home/home.page.ts:102:15:
      102 ‚îÇ   templateUrl: 'home.page.html',
          ‚ïµ                ~~~~~~~~~~~~~~~~


[ERROR] An error occurred while running subprocess ng.
        
        ng.cmd run app:build exited with exit code 1.
        
        Re-running this command with the --verbose flag may provide more information.
